Command line:
   stimulus_isim_beh.exe
     -simmode  gui
     -simrunnum  0
     -socket  64507

Thu Mar 26 10:40:41 2020


 Elaboration Time: 0.0625 sec

 Current Memory Usage: 4699.57 Meg

 Total Signals          : 1878
 Total Nets             : 941
 Total Signal Drivers   : 803
 Total Blocks           : 209
 Total Primitive Blocks : 103
 Total Processes        : 806
 Total Traceable Variables  : 26
 Total Scalar Nets and Variables : 1097
Total Line Count : 30

 Total Simulation Time: 0.0625 sec

 Current Memory Usage: 5014.16 Meg

Thu Mar 26 10:42:48 2020

